<?xml version="1.0" encoding="UTF-8"?>
<testng-results ignored="0" total="1" passed="1" failed="0" skipped="0">
  <reporter-output>
  </reporter-output>
  <suite started-at="2025-08-25T15:32:40 IST" name="Default suite" finished-at="2025-08-25T15:44:43 IST" duration-ms="723361">
    <groups>
    </groups>
    <test started-at="2025-08-25T15:32:40 IST" name="Default test" finished-at="2025-08-25T15:44:43 IST" duration-ms="723361">
      <class name="testcases.CheckOutTest">
        <test-method is-config="true" signature="setup(java.lang.String)[pri:0, instance:testcases.CheckOutTest@7e6f74c]" started-at="2025-08-25T15:32:40 IST" name="setup" finished-at="2025-08-25T15:32:47 IST" duration-ms="7271" status="PASS">
          <params>
            <param index="0">
              <value>
                <![CDATA[edge]]>
              </value>
            </param>
          </params>
          <reporter-output>
          </reporter-output>
        </test-method> <!-- setup -->
        <test-method signature="testLoginCartAndCheckout()[pri:0, instance:testcases.CheckOutTest@7e6f74c]" started-at="2025-08-25T15:32:47 IST" name="testLoginCartAndCheckout" finished-at="2025-08-25T15:44:42 IST" duration-ms="714561" status="PASS">
          <reporter-output>
          </reporter-output>
        </test-method> <!-- testLoginCartAndCheckout -->
        <test-method is-config="true" signature="tearDown()[pri:0, instance:testcases.CheckOutTest@7e6f74c]" started-at="2025-08-25T15:44:42 IST" name="tearDown" finished-at="2025-08-25T15:44:43 IST" duration-ms="1475" status="PASS">
          <reporter-output>
          </reporter-output>
        </test-method> <!-- tearDown -->
      </class> <!-- testcases.CheckOutTest -->
    </test> <!-- Default test -->
  </suite> <!-- Default suite -->
</testng-results>
